{
 "cells": [
  {
   "cell_type": "code",
   "execution_count": 4,
   "metadata": {},
   "outputs": [],
   "source": [
    "heart=pd.read_csv('heart.csv',)"
   ]
  },
  {
   "cell_type": "code",
   "execution_count": 2,
   "metadata": {},
   "outputs": [],
   "source": [
    "import pandas as pd\n",
    "import pandas_profiling as pp\n",
    "from ipywidgets import widgets\n"
   ]
  },
  {
   "cell_type": "code",
   "execution_count": 5,
   "metadata": {},
   "outputs": [],
   "source": [
    "from pandas_visual_analysis import VisualAnalysis"
   ]
  },
  {
   "cell_type": "code",
   "execution_count": 7,
   "metadata": {},
   "outputs": [
    {
     "data": {
      "application/vnd.jupyter.widget-view+json": {
       "model_id": "9da76ddb8f174967a396644953226253",
       "version_major": 2,
       "version_minor": 0
      },
      "text/plain": [
       "VBox(children=(ToggleButtons(_dom_classes=('layout-3d4e2bcc39e540bda73831a37fb2ad05',), description='Selection…"
      ]
     },
     "metadata": {},
     "output_type": "display_data"
    }
   ],
   "source": [
    "VisualAnalysis(heart)"
   ]
  },
  {
   "cell_type": "code",
   "execution_count": 26,
   "metadata": {},
   "outputs": [],
   "source": [
    "import numpy as np\n",
    "import pandas as pd\n",
    "from pandas_profiling import ProfileReport"
   ]
  },
  {
   "cell_type": "code",
   "execution_count": 9,
   "metadata": {},
   "outputs": [],
   "source": [
    "from sklearn.datasets import load_diabetes"
   ]
  },
  {
   "cell_type": "code",
   "execution_count": 29,
   "metadata": {},
   "outputs": [],
   "source": [
    "\n",
    "\n",
    "df=pd.read_csv('heart.csv')\n",
    "\n"
   ]
  },
  {
   "cell_type": "code",
   "execution_count": 32,
   "metadata": {},
   "outputs": [
    {
     "ename": "OSError",
     "evalue": "'/opt/anaconda3/lib/python3.7/site-packages/pandas_profiling/pandas_profiling.mplstyle' not found in the style library and input is not a valid URL or path; see `style.available` for list of available styles",
     "output_type": "error",
     "traceback": [
      "\u001b[0;31m---------------------------------------------------------------------------\u001b[0m",
      "\u001b[0;31mFileNotFoundError\u001b[0m                         Traceback (most recent call last)",
      "\u001b[0;32m/opt/anaconda3/lib/python3.7/site-packages/matplotlib/style/core.py\u001b[0m in \u001b[0;36muse\u001b[0;34m(style)\u001b[0m\n\u001b[1;32m    120\u001b[0m             \u001b[0;32mtry\u001b[0m\u001b[0;34m:\u001b[0m\u001b[0;34m\u001b[0m\u001b[0;34m\u001b[0m\u001b[0m\n\u001b[0;32m--> 121\u001b[0;31m                 \u001b[0mrc\u001b[0m \u001b[0;34m=\u001b[0m \u001b[0mrc_params_from_file\u001b[0m\u001b[0;34m(\u001b[0m\u001b[0mstyle\u001b[0m\u001b[0;34m,\u001b[0m \u001b[0muse_default_template\u001b[0m\u001b[0;34m=\u001b[0m\u001b[0;32mFalse\u001b[0m\u001b[0;34m)\u001b[0m\u001b[0;34m\u001b[0m\u001b[0;34m\u001b[0m\u001b[0m\n\u001b[0m\u001b[1;32m    122\u001b[0m                 \u001b[0m_apply_style\u001b[0m\u001b[0;34m(\u001b[0m\u001b[0mrc\u001b[0m\u001b[0;34m)\u001b[0m\u001b[0;34m\u001b[0m\u001b[0;34m\u001b[0m\u001b[0m\n",
      "\u001b[0;32m/opt/anaconda3/lib/python3.7/site-packages/matplotlib/__init__.py\u001b[0m in \u001b[0;36mrc_params_from_file\u001b[0;34m(fname, fail_on_error, use_default_template)\u001b[0m\n\u001b[1;32m    873\u001b[0m     \"\"\"\n\u001b[0;32m--> 874\u001b[0;31m     \u001b[0mconfig_from_file\u001b[0m \u001b[0;34m=\u001b[0m \u001b[0m_rc_params_in_file\u001b[0m\u001b[0;34m(\u001b[0m\u001b[0mfname\u001b[0m\u001b[0;34m,\u001b[0m \u001b[0mfail_on_error\u001b[0m\u001b[0;34m=\u001b[0m\u001b[0mfail_on_error\u001b[0m\u001b[0;34m)\u001b[0m\u001b[0;34m\u001b[0m\u001b[0;34m\u001b[0m\u001b[0m\n\u001b[0m\u001b[1;32m    875\u001b[0m \u001b[0;34m\u001b[0m\u001b[0m\n",
      "\u001b[0;32m/opt/anaconda3/lib/python3.7/site-packages/matplotlib/__init__.py\u001b[0m in \u001b[0;36m_rc_params_in_file\u001b[0;34m(fname, transform, fail_on_error)\u001b[0m\n\u001b[1;32m    802\u001b[0m     \u001b[0mrc_temp\u001b[0m \u001b[0;34m=\u001b[0m \u001b[0;34m{\u001b[0m\u001b[0;34m}\u001b[0m\u001b[0;34m\u001b[0m\u001b[0;34m\u001b[0m\u001b[0m\n\u001b[0;32m--> 803\u001b[0;31m     \u001b[0;32mwith\u001b[0m \u001b[0m_open_file_or_url\u001b[0m\u001b[0;34m(\u001b[0m\u001b[0mfname\u001b[0m\u001b[0;34m)\u001b[0m \u001b[0;32mas\u001b[0m \u001b[0mfd\u001b[0m\u001b[0;34m:\u001b[0m\u001b[0;34m\u001b[0m\u001b[0;34m\u001b[0m\u001b[0m\n\u001b[0m\u001b[1;32m    804\u001b[0m         \u001b[0;32mtry\u001b[0m\u001b[0;34m:\u001b[0m\u001b[0;34m\u001b[0m\u001b[0;34m\u001b[0m\u001b[0m\n",
      "\u001b[0;32m/opt/anaconda3/lib/python3.7/contextlib.py\u001b[0m in \u001b[0;36m__enter__\u001b[0;34m(self)\u001b[0m\n\u001b[1;32m    111\u001b[0m         \u001b[0;32mtry\u001b[0m\u001b[0;34m:\u001b[0m\u001b[0;34m\u001b[0m\u001b[0;34m\u001b[0m\u001b[0m\n\u001b[0;32m--> 112\u001b[0;31m             \u001b[0;32mreturn\u001b[0m \u001b[0mnext\u001b[0m\u001b[0;34m(\u001b[0m\u001b[0mself\u001b[0m\u001b[0;34m.\u001b[0m\u001b[0mgen\u001b[0m\u001b[0;34m)\u001b[0m\u001b[0;34m\u001b[0m\u001b[0;34m\u001b[0m\u001b[0m\n\u001b[0m\u001b[1;32m    113\u001b[0m         \u001b[0;32mexcept\u001b[0m \u001b[0mStopIteration\u001b[0m\u001b[0;34m:\u001b[0m\u001b[0;34m\u001b[0m\u001b[0;34m\u001b[0m\u001b[0m\n",
      "\u001b[0;32m/opt/anaconda3/lib/python3.7/site-packages/matplotlib/__init__.py\u001b[0m in \u001b[0;36m_open_file_or_url\u001b[0;34m(fname)\u001b[0m\n\u001b[1;32m    780\u001b[0m             \u001b[0mencoding\u001b[0m \u001b[0;34m=\u001b[0m \u001b[0;34m\"utf-8\"\u001b[0m\u001b[0;34m\u001b[0m\u001b[0;34m\u001b[0m\u001b[0m\n\u001b[0;32m--> 781\u001b[0;31m         \u001b[0;32mwith\u001b[0m \u001b[0mopen\u001b[0m\u001b[0;34m(\u001b[0m\u001b[0mfname\u001b[0m\u001b[0;34m,\u001b[0m \u001b[0mencoding\u001b[0m\u001b[0;34m=\u001b[0m\u001b[0mencoding\u001b[0m\u001b[0;34m)\u001b[0m \u001b[0;32mas\u001b[0m \u001b[0mf\u001b[0m\u001b[0;34m:\u001b[0m\u001b[0;34m\u001b[0m\u001b[0;34m\u001b[0m\u001b[0m\n\u001b[0m\u001b[1;32m    782\u001b[0m             \u001b[0;32myield\u001b[0m \u001b[0mf\u001b[0m\u001b[0;34m\u001b[0m\u001b[0;34m\u001b[0m\u001b[0m\n",
      "\u001b[0;31mFileNotFoundError\u001b[0m: [Errno 2] No such file or directory: '/opt/anaconda3/lib/python3.7/site-packages/pandas_profiling/pandas_profiling.mplstyle'",
      "\nThe above exception was the direct cause of the following exception:\n",
      "\u001b[0;31mOSError\u001b[0m                                   Traceback (most recent call last)",
      "\u001b[0;32m<ipython-input-32-1417c12177ad>\u001b[0m in \u001b[0;36m<module>\u001b[0;34m\u001b[0m\n\u001b[1;32m      1\u001b[0m \u001b[0;31m### To Create the Simple report quickly\u001b[0m\u001b[0;34m\u001b[0m\u001b[0;34m\u001b[0m\u001b[0;34m\u001b[0m\u001b[0m\n\u001b[0;32m----> 2\u001b[0;31m \u001b[0mprofile\u001b[0m \u001b[0;34m=\u001b[0m \u001b[0mProfileReport\u001b[0m\u001b[0;34m(\u001b[0m\u001b[0mdf\u001b[0m \u001b[0;34m)\u001b[0m\u001b[0;34m\u001b[0m\u001b[0;34m\u001b[0m\u001b[0m\n\u001b[0m",
      "\u001b[0;32m/opt/anaconda3/lib/python3.7/site-packages/pandas_profiling/__init__.py\u001b[0m in \u001b[0;36m__init__\u001b[0;34m(self, df, **kwargs)\u001b[0m\n",
      "\u001b[0;32m/opt/anaconda3/lib/python3.7/site-packages/pandas_profiling/describe.py\u001b[0m in \u001b[0;36mdescribe\u001b[0;34m(df, bins, check_correlation, correlation_threshold, correlation_overrides, check_recoded, pool_size, **kwargs)\u001b[0m\n",
      "\u001b[0;32m/opt/anaconda3/lib/python3.7/site-packages/matplotlib/style/core.py\u001b[0m in \u001b[0;36muse\u001b[0;34m(style)\u001b[0m\n\u001b[1;32m    125\u001b[0m                     \u001b[0;34m\"{!r} not found in the style library and input is not a \"\u001b[0m\u001b[0;34m\u001b[0m\u001b[0;34m\u001b[0m\u001b[0m\n\u001b[1;32m    126\u001b[0m                     \u001b[0;34m\"valid URL or path; see `style.available` for list of \"\u001b[0m\u001b[0;34m\u001b[0m\u001b[0;34m\u001b[0m\u001b[0m\n\u001b[0;32m--> 127\u001b[0;31m                     \"available styles\".format(style)) from err\n\u001b[0m\u001b[1;32m    128\u001b[0m \u001b[0;34m\u001b[0m\u001b[0m\n\u001b[1;32m    129\u001b[0m \u001b[0;34m\u001b[0m\u001b[0m\n",
      "\u001b[0;31mOSError\u001b[0m: '/opt/anaconda3/lib/python3.7/site-packages/pandas_profiling/pandas_profiling.mplstyle' not found in the style library and input is not a valid URL or path; see `style.available` for list of available styles"
     ]
    }
   ],
   "source": [
    "### To Create the Simple report quickly\n",
    "profile = ProfileReport(df )"
   ]
  },
  {
   "cell_type": "code",
   "execution_count": 31,
   "metadata": {},
   "outputs": [
    {
     "name": "stdout",
     "output_type": "stream",
     "text": [
      "Requirement already satisfied: pandas-profiling[notebook] in /opt/anaconda3/lib/python3.7/site-packages (2.12.0)\n",
      "Requirement already satisfied: numpy>=1.16.0 in /opt/anaconda3/lib/python3.7/site-packages (from pandas-profiling[notebook]) (1.19.5)\n",
      "Requirement already satisfied: requests>=2.24.0 in /opt/anaconda3/lib/python3.7/site-packages (from pandas-profiling[notebook]) (2.25.1)\n",
      "Requirement already satisfied: tqdm>=4.48.2 in /opt/anaconda3/lib/python3.7/site-packages (from pandas-profiling[notebook]) (4.60.0)\n",
      "Requirement already satisfied: joblib in /opt/anaconda3/lib/python3.7/site-packages (from pandas-profiling[notebook]) (0.14.1)\n",
      "Requirement already satisfied: tangled-up-in-unicode>=0.0.6 in /opt/anaconda3/lib/python3.7/site-packages (from pandas-profiling[notebook]) (0.0.7)\n",
      "Requirement already satisfied: confuse>=1.0.0 in /opt/anaconda3/lib/python3.7/site-packages (from pandas-profiling[notebook]) (1.4.0)\n",
      "Requirement already satisfied: matplotlib>=3.2.0 in /opt/anaconda3/lib/python3.7/site-packages (from pandas-profiling[notebook]) (3.3.2)\n",
      "Requirement already satisfied: attrs>=19.3.0 in /opt/anaconda3/lib/python3.7/site-packages (from pandas-profiling[notebook]) (20.3.0)\n",
      "Requirement already satisfied: jinja2>=2.11.1 in /opt/anaconda3/lib/python3.7/site-packages (from pandas-profiling[notebook]) (2.11.1)\n",
      "Requirement already satisfied: seaborn>=0.10.1 in /opt/anaconda3/lib/python3.7/site-packages (from pandas-profiling[notebook]) (0.11.1)\n",
      "Requirement already satisfied: pandas!=1.0.0,!=1.0.1,!=1.0.2,!=1.1.0,>=0.25.3 in /opt/anaconda3/lib/python3.7/site-packages (from pandas-profiling[notebook]) (1.1.4)\n",
      "Requirement already satisfied: visions[type_image_path]==0.6.0 in /opt/anaconda3/lib/python3.7/site-packages (from pandas-profiling[notebook]) (0.6.0)\n",
      "Requirement already satisfied: missingno>=0.4.2 in /opt/anaconda3/lib/python3.7/site-packages (from pandas-profiling[notebook]) (0.4.2)\n",
      "Requirement already satisfied: phik>=0.10.0 in /opt/anaconda3/lib/python3.7/site-packages (from pandas-profiling[notebook]) (0.11.2)\n",
      "Requirement already satisfied: scipy>=1.4.1 in /opt/anaconda3/lib/python3.7/site-packages (from pandas-profiling[notebook]) (1.6.3)\n",
      "Requirement already satisfied: htmlmin>=0.1.12 in /opt/anaconda3/lib/python3.7/site-packages (from pandas-profiling[notebook]) (0.1.12)\n",
      "Collecting jupyter-client>=6.0.0\n",
      "  Downloading jupyter_client-6.1.12-py3-none-any.whl (112 kB)\n",
      "\u001b[K     |████████████████████████████████| 112 kB 602 kB/s eta 0:00:01\n",
      "\u001b[?25hRequirement already satisfied: ipywidgets>=7.5.1 in /opt/anaconda3/lib/python3.7/site-packages (from pandas-profiling[notebook]) (7.5.1)\n",
      "Collecting jupyter-core>=4.6.3\n",
      "  Downloading jupyter_core-4.7.1-py3-none-any.whl (82 kB)\n",
      "\u001b[K     |████████████████████████████████| 82 kB 500 kB/s eta 0:00:01\n",
      "\u001b[?25hRequirement already satisfied: networkx>=2.4 in /opt/anaconda3/lib/python3.7/site-packages (from visions[type_image_path]==0.6.0->pandas-profiling[notebook]) (2.4)\n",
      "Requirement already satisfied: Pillow in /opt/anaconda3/lib/python3.7/site-packages (from visions[type_image_path]==0.6.0->pandas-profiling[notebook]) (7.0.0)\n",
      "Requirement already satisfied: imagehash in /opt/anaconda3/lib/python3.7/site-packages (from visions[type_image_path]==0.6.0->pandas-profiling[notebook]) (4.2.0)\n",
      "Requirement already satisfied: pyyaml in /opt/anaconda3/lib/python3.7/site-packages (from confuse>=1.0.0->pandas-profiling[notebook]) (5.3)\n",
      "Requirement already satisfied: nbformat>=4.2.0 in /opt/anaconda3/lib/python3.7/site-packages (from ipywidgets>=7.5.1->pandas-profiling[notebook]) (5.0.4)\n",
      "Requirement already satisfied: ipykernel>=4.5.1 in /opt/anaconda3/lib/python3.7/site-packages (from ipywidgets>=7.5.1->pandas-profiling[notebook]) (5.1.4)\n",
      "Requirement already satisfied: widgetsnbextension~=3.5.0 in /opt/anaconda3/lib/python3.7/site-packages (from ipywidgets>=7.5.1->pandas-profiling[notebook]) (3.5.1)\n",
      "Requirement already satisfied: traitlets>=4.3.1 in /opt/anaconda3/lib/python3.7/site-packages (from ipywidgets>=7.5.1->pandas-profiling[notebook]) (4.3.3)\n",
      "Requirement already satisfied: ipython>=4.0.0 in /opt/anaconda3/lib/python3.7/site-packages (from ipywidgets>=7.5.1->pandas-profiling[notebook]) (7.12.0)\n",
      "Requirement already satisfied: tornado>=4.2 in /opt/anaconda3/lib/python3.7/site-packages (from ipykernel>=4.5.1->ipywidgets>=7.5.1->pandas-profiling[notebook]) (6.0.3)\n",
      "Requirement already satisfied: appnope in /opt/anaconda3/lib/python3.7/site-packages (from ipykernel>=4.5.1->ipywidgets>=7.5.1->pandas-profiling[notebook]) (0.1.0)\n",
      "Requirement already satisfied: pickleshare in /opt/anaconda3/lib/python3.7/site-packages (from ipython>=4.0.0->ipywidgets>=7.5.1->pandas-profiling[notebook]) (0.7.5)\n",
      "Requirement already satisfied: prompt-toolkit!=3.0.0,!=3.0.1,<3.1.0,>=2.0.0 in /opt/anaconda3/lib/python3.7/site-packages (from ipython>=4.0.0->ipywidgets>=7.5.1->pandas-profiling[notebook]) (3.0.3)\n",
      "Requirement already satisfied: pexpect in /opt/anaconda3/lib/python3.7/site-packages (from ipython>=4.0.0->ipywidgets>=7.5.1->pandas-profiling[notebook]) (4.8.0)\n",
      "Requirement already satisfied: decorator in /opt/anaconda3/lib/python3.7/site-packages (from ipython>=4.0.0->ipywidgets>=7.5.1->pandas-profiling[notebook]) (4.4.1)\n",
      "Requirement already satisfied: pygments in /opt/anaconda3/lib/python3.7/site-packages (from ipython>=4.0.0->ipywidgets>=7.5.1->pandas-profiling[notebook]) (2.5.2)\n",
      "Requirement already satisfied: backcall in /opt/anaconda3/lib/python3.7/site-packages (from ipython>=4.0.0->ipywidgets>=7.5.1->pandas-profiling[notebook]) (0.1.0)\n",
      "Requirement already satisfied: setuptools>=18.5 in /opt/anaconda3/lib/python3.7/site-packages (from ipython>=4.0.0->ipywidgets>=7.5.1->pandas-profiling[notebook]) (56.0.0)\n",
      "Requirement already satisfied: jedi>=0.10 in /opt/anaconda3/lib/python3.7/site-packages (from ipython>=4.0.0->ipywidgets>=7.5.1->pandas-profiling[notebook]) (0.14.1)\n",
      "Requirement already satisfied: parso>=0.5.0 in /opt/anaconda3/lib/python3.7/site-packages (from jedi>=0.10->ipython>=4.0.0->ipywidgets>=7.5.1->pandas-profiling[notebook]) (0.5.2)\n",
      "Requirement already satisfied: MarkupSafe>=0.23 in /opt/anaconda3/lib/python3.7/site-packages (from jinja2>=2.11.1->pandas-profiling[notebook]) (1.1.1)\n",
      "Requirement already satisfied: pyzmq>=13 in /opt/anaconda3/lib/python3.7/site-packages (from jupyter-client>=6.0.0->pandas-profiling[notebook]) (18.1.1)\n",
      "Requirement already satisfied: python-dateutil>=2.1 in /opt/anaconda3/lib/python3.7/site-packages (from jupyter-client>=6.0.0->pandas-profiling[notebook]) (2.8.1)\n",
      "Requirement already satisfied: pyparsing!=2.0.4,!=2.1.2,!=2.1.6,>=2.0.3 in /opt/anaconda3/lib/python3.7/site-packages (from matplotlib>=3.2.0->pandas-profiling[notebook]) (2.4.6)\n",
      "Requirement already satisfied: kiwisolver>=1.0.1 in /opt/anaconda3/lib/python3.7/site-packages (from matplotlib>=3.2.0->pandas-profiling[notebook]) (1.1.0)\n",
      "Requirement already satisfied: cycler>=0.10 in /opt/anaconda3/lib/python3.7/site-packages (from matplotlib>=3.2.0->pandas-profiling[notebook]) (0.10.0)\n",
      "Requirement already satisfied: certifi>=2020.06.20 in /opt/anaconda3/lib/python3.7/site-packages (from matplotlib>=3.2.0->pandas-profiling[notebook]) (2020.6.20)\n",
      "Requirement already satisfied: six in /opt/anaconda3/lib/python3.7/site-packages (from cycler>=0.10->matplotlib>=3.2.0->pandas-profiling[notebook]) (1.15.0)\n",
      "Requirement already satisfied: jsonschema!=2.5.0,>=2.4 in /opt/anaconda3/lib/python3.7/site-packages (from nbformat>=4.2.0->ipywidgets>=7.5.1->pandas-profiling[notebook]) (3.2.0)\n",
      "Requirement already satisfied: ipython-genutils in /opt/anaconda3/lib/python3.7/site-packages (from nbformat>=4.2.0->ipywidgets>=7.5.1->pandas-profiling[notebook]) (0.2.0)\n",
      "Requirement already satisfied: importlib-metadata in /opt/anaconda3/lib/python3.7/site-packages (from jsonschema!=2.5.0,>=2.4->nbformat>=4.2.0->ipywidgets>=7.5.1->pandas-profiling[notebook]) (1.5.0)\n",
      "Requirement already satisfied: pyrsistent>=0.14.0 in /opt/anaconda3/lib/python3.7/site-packages (from jsonschema!=2.5.0,>=2.4->nbformat>=4.2.0->ipywidgets>=7.5.1->pandas-profiling[notebook]) (0.15.7)\n",
      "Requirement already satisfied: pytz>=2017.2 in /opt/anaconda3/lib/python3.7/site-packages (from pandas!=1.0.0,!=1.0.1,!=1.0.2,!=1.1.0,>=0.25.3->pandas-profiling[notebook]) (2019.3)\n"
     ]
    },
    {
     "name": "stdout",
     "output_type": "stream",
     "text": [
      "Requirement already satisfied: wcwidth in /opt/anaconda3/lib/python3.7/site-packages (from prompt-toolkit!=3.0.0,!=3.0.1,<3.1.0,>=2.0.0->ipython>=4.0.0->ipywidgets>=7.5.1->pandas-profiling[notebook]) (0.1.8)\n",
      "Requirement already satisfied: idna<3,>=2.5 in /opt/anaconda3/lib/python3.7/site-packages (from requests>=2.24.0->pandas-profiling[notebook]) (2.8)\n",
      "Requirement already satisfied: urllib3<1.27,>=1.21.1 in /opt/anaconda3/lib/python3.7/site-packages (from requests>=2.24.0->pandas-profiling[notebook]) (1.24.3)\n",
      "Requirement already satisfied: chardet<5,>=3.0.2 in /opt/anaconda3/lib/python3.7/site-packages (from requests>=2.24.0->pandas-profiling[notebook]) (3.0.4)\n",
      "Requirement already satisfied: notebook>=4.4.1 in /opt/anaconda3/lib/python3.7/site-packages (from widgetsnbextension~=3.5.0->ipywidgets>=7.5.1->pandas-profiling[notebook]) (6.0.3)\n",
      "Requirement already satisfied: terminado>=0.8.1 in /opt/anaconda3/lib/python3.7/site-packages (from notebook>=4.4.1->widgetsnbextension~=3.5.0->ipywidgets>=7.5.1->pandas-profiling[notebook]) (0.8.3)\n",
      "Requirement already satisfied: prometheus-client in /opt/anaconda3/lib/python3.7/site-packages (from notebook>=4.4.1->widgetsnbextension~=3.5.0->ipywidgets>=7.5.1->pandas-profiling[notebook]) (0.7.1)\n",
      "Requirement already satisfied: nbconvert in /opt/anaconda3/lib/python3.7/site-packages (from notebook>=4.4.1->widgetsnbextension~=3.5.0->ipywidgets>=7.5.1->pandas-profiling[notebook]) (5.6.1)\n",
      "Requirement already satisfied: Send2Trash in /opt/anaconda3/lib/python3.7/site-packages (from notebook>=4.4.1->widgetsnbextension~=3.5.0->ipywidgets>=7.5.1->pandas-profiling[notebook]) (1.5.0)\n",
      "Requirement already satisfied: PyWavelets in /opt/anaconda3/lib/python3.7/site-packages (from imagehash->visions[type_image_path]==0.6.0->pandas-profiling[notebook]) (1.1.1)\n",
      "Requirement already satisfied: zipp>=0.5 in /opt/anaconda3/lib/python3.7/site-packages (from importlib-metadata->jsonschema!=2.5.0,>=2.4->nbformat>=4.2.0->ipywidgets>=7.5.1->pandas-profiling[notebook]) (2.2.0)\n",
      "Requirement already satisfied: testpath in /opt/anaconda3/lib/python3.7/site-packages (from nbconvert->notebook>=4.4.1->widgetsnbextension~=3.5.0->ipywidgets>=7.5.1->pandas-profiling[notebook]) (0.4.4)\n",
      "Requirement already satisfied: mistune<2,>=0.8.1 in /opt/anaconda3/lib/python3.7/site-packages (from nbconvert->notebook>=4.4.1->widgetsnbextension~=3.5.0->ipywidgets>=7.5.1->pandas-profiling[notebook]) (0.8.4)\n",
      "Requirement already satisfied: bleach in /opt/anaconda3/lib/python3.7/site-packages (from nbconvert->notebook>=4.4.1->widgetsnbextension~=3.5.0->ipywidgets>=7.5.1->pandas-profiling[notebook]) (3.1.0)\n",
      "Requirement already satisfied: defusedxml in /opt/anaconda3/lib/python3.7/site-packages (from nbconvert->notebook>=4.4.1->widgetsnbextension~=3.5.0->ipywidgets>=7.5.1->pandas-profiling[notebook]) (0.6.0)\n",
      "Requirement already satisfied: pandocfilters>=1.4.1 in /opt/anaconda3/lib/python3.7/site-packages (from nbconvert->notebook>=4.4.1->widgetsnbextension~=3.5.0->ipywidgets>=7.5.1->pandas-profiling[notebook]) (1.4.2)\n",
      "Requirement already satisfied: entrypoints>=0.2.2 in /opt/anaconda3/lib/python3.7/site-packages (from nbconvert->notebook>=4.4.1->widgetsnbextension~=3.5.0->ipywidgets>=7.5.1->pandas-profiling[notebook]) (0.3)\n",
      "Requirement already satisfied: webencodings in /opt/anaconda3/lib/python3.7/site-packages (from bleach->nbconvert->notebook>=4.4.1->widgetsnbextension~=3.5.0->ipywidgets>=7.5.1->pandas-profiling[notebook]) (0.5.1)\n",
      "Requirement already satisfied: ptyprocess>=0.5 in /opt/anaconda3/lib/python3.7/site-packages (from pexpect->ipython>=4.0.0->ipywidgets>=7.5.1->pandas-profiling[notebook]) (0.6.0)\n",
      "Installing collected packages: jupyter-core, jupyter-client\n",
      "  Attempting uninstall: jupyter-core\n",
      "    Found existing installation: jupyter-core 4.6.1\n",
      "    Uninstalling jupyter-core-4.6.1:\n",
      "      Successfully uninstalled jupyter-core-4.6.1\n",
      "  Attempting uninstall: jupyter-client\n",
      "    Found existing installation: jupyter-client 5.3.4\n",
      "    Uninstalling jupyter-client-5.3.4:\n",
      "      Successfully uninstalled jupyter-client-5.3.4\n",
      "Successfully installed jupyter-client-6.1.12 jupyter-core-4.7.1\n",
      "Note: you may need to restart the kernel to use updated packages.\n"
     ]
    }
   ],
   "source": [
    "pip install pandas-profiling[notebook]"
   ]
  },
  {
   "cell_type": "code",
   "execution_count": 33,
   "metadata": {},
   "outputs": [
    {
     "ename": "SyntaxError",
     "evalue": "invalid syntax (<ipython-input-33-6ea3a7c37725>, line 1)",
     "output_type": "error",
     "traceback": [
      "\u001b[0;36m  File \u001b[0;32m\"<ipython-input-33-6ea3a7c37725>\"\u001b[0;36m, line \u001b[0;32m1\u001b[0m\n\u001b[0;31m    python setup.py install\u001b[0m\n\u001b[0m               ^\u001b[0m\n\u001b[0;31mSyntaxError\u001b[0m\u001b[0;31m:\u001b[0m invalid syntax\n"
     ]
    }
   ],
   "source": [
    "python setup.py install"
   ]
  },
  {
   "cell_type": "code",
   "execution_count": null,
   "metadata": {},
   "outputs": [],
   "source": []
  }
 ],
 "metadata": {
  "kernelspec": {
   "display_name": "Python 3",
   "language": "python",
   "name": "python3"
  },
  "language_info": {
   "codemirror_mode": {
    "name": "ipython",
    "version": 3
   },
   "file_extension": ".py",
   "mimetype": "text/x-python",
   "name": "python",
   "nbconvert_exporter": "python",
   "pygments_lexer": "ipython3",
   "version": "3.7.6"
  }
 },
 "nbformat": 4,
 "nbformat_minor": 5
}
